
SQL*Loader: Release 21.0.0.0.0 - Production on Tue Aug 15 11:12:17 2023
Version 21.3.0.0.0

Copyright (c) 1982, 2021, Oracle and/or its affiliates.  All rights reserved.

Control File:   control.ctl
Data File:      load_file.csv
  Bad File:     load_file.bad
  Discard File:  none specified
 
 (Allow all discards)

Number to load: ALL
Number to skip: 0
Errors allowed: 50
Bind array:     250 rows, maximum of 1048576 bytes
Continuation:    none specified
Path used:      Conventional

Table SALARY, loaded from every logical record.
Insert option in effect for this table: INSERT
TRAILING NULLCOLS option in effect

   Column Name                  Position   Len  Term Encl Datatype
------------------------------ ---------- ----- ---- ---- ---------------------
ID                                  FIRST     *   ,  O(") CHARACTER            
NAME                                 NEXT     *   ,  O(") CHARACTER            
CITY                                 NEXT     *   ,  O(") CHARACTER            
AMOUNT                               NEXT     *   ,  O(") CHARACTER            

Record 6: Rejected - Error on table SALARY, column NAME.
no terminator found after TERMINATED and ENCLOSED field
Record 31: Rejected - Error on table SALARY, column ID.
ORA-01722: invalid number


Table SALARY:
  29 Rows successfully loaded.
  2 Rows not loaded due to data errors.
  0 Rows not loaded because all WHEN clauses were failed.
  0 Rows not loaded because all fields were null.


Space allocated for bind array:                 258000 bytes(250 rows)
Read   buffer bytes: 1048576

Total logical records skipped:          0
Total logical records read:            31
Total logical records rejected:         2
Total logical records discarded:        0

Run began on Tue Aug 15 11:12:17 2023
Run ended on Tue Aug 15 11:12:17 2023

Elapsed time was:     00:00:00.18
CPU time was:         00:00:00.03
